#
# There is insufficient memory for the Java Runtime Environment to continue.
# Native memory allocation (malloc) failed to allocate 32744 bytes. Error detail: Chunk::new
# Possible reasons:
#   The system is out of physical RAM or swap space
#   This process is running with CompressedOops enabled, and the Java Heap may be blocking the growth of the native heap
# Possible solutions:
#   Reduce memory load on the system
#   Increase physical memory or swap space
#   Check if swap backing store is full
#   Decrease Java heap size (-Xmx/-Xms)
#   Decrease number of Java threads
#   Decrease Java thread stack sizes (-Xss)
#   Set larger code cache with -XX:ReservedCodeCacheSize=
#   JVM is running with Unscaled Compressed Oops mode in which the Java heap is
#     placed in the first 4GB address space. The Java Heap base address is the
#     maximum limit for the native heap growth. Please use -XX:HeapBaseMinAddress
#     to set the Java Heap base and to place the Java Heap above 4GB virtual address.
# This output file may be truncated or incomplete.
#
#  Out of Memory Error (arena.cpp:149), pid=22312, tid=18900
#
# JRE version: OpenJDK Runtime Environment (23.0.2+7) (build 23.0.2+7-58)
# Java VM: OpenJDK 64-Bit Server VM (23.0.2+7-58, mixed mode, sharing, tiered, compressed oops, compressed class ptrs, g1 gc, windows-amd64)
# No core dump will be written. Minidumps are not enabled by default on client versions of Windows
#

---------------  S U M M A R Y ------------

Command Line: -Dsocket.server.port=33833 -javaagent:C:\Program Files\JetBrains\IntelliJ IDEA Community Edition 2024.3.1.1\lib\idea_rt.jar=61295:C:\Program Files\JetBrains\IntelliJ IDEA Community Edition 2024.3.1.1\bin -Dfile.encoding=UTF-8 -Dsun.stdout.encoding=UTF-8 -Dsun.stderr.encoding=UTF-8 com.example.BankEntity_API.BankEntityApiApplication

Host: 11th Gen Intel(R) Core(TM) i5-1135G7 @ 2.40GHz, 8 cores, 7G,  Windows 11 , 64 bit Build 26100 (10.0.26100.3037)
Time: Fri Sep 19 02:05:16 2025 South Africa Standard Time elapsed time: 17094.312278 seconds (0d 4h 44m 54s)

---------------  T H R E A D  ---------------

Current thread (0x000001febc4d3030):  JavaThread "C2 CompilerThread0" daemon [_thread_in_native, id=18900, stack(0x000000f3da300000,0x000000f3da400000) (1024K)]


Current CompileTask:
C2:17094317 5538       4       java.util.concurrent.ScheduledThreadPoolExecutor$DelayedWorkQueue::add (9 bytes)

Stack: [0x000000f3da300000,0x000000f3da400000]
Native frames: (J=compiled Java code, j=interpreted, Vv=VM code, C=native code)
V  [jvm.dll+0x6e0b99]  (no source info available)
V  [jvm.dll+0x87e2b3]  (no source info available)
V  [jvm.dll+0x88073e]  (no source info available)
V  [jvm.dll+0x880e13]  (no source info available)
V  [jvm.dll+0x27b006]  (no source info available)
V  [jvm.dll+0xbc06f]  (no source info available)
V  [jvm.dll+0xbc2cb]  (no source info available)
V  [jvm.dll+0x70b70a]  (no source info available)
V  [jvm.dll+0x1dc57b]  (no source info available)
V  [jvm.dll+0x244ce5]  (no source info available)
V  [jvm.dll+0x243eff]  (no source info available)
V  [jvm.dll+0x1c34b0]  (no source info available)
V  [jvm.dll+0x253df1]  (no source info available)
V  [jvm.dll+0x2520aa]  (no source info available)
V  [jvm.dll+0x3ee226]  (no source info available)
V  [jvm.dll+0x8254cb]  (no source info available)
V  [jvm.dll+0x6df345]  (no source info available)
C  [ucrtbase.dll+0x37b0]  (no source info available)
C  [KERNEL32.DLL+0x2e8d7]  (no source info available)
C  [ntdll.dll+0xbbf2c]  (no source info available)

Lock stack of current Java thread (top to bottom):


---------------  P R O C E S S  ---------------

Threads class SMR info:
_java_thread_list=0x000001fe84364c30, length=30, elements={
0x000001febc4cb630, 0x000001febc4cc090, 0x000001febc4cce80, 0x000001febc4cdc90,
0x000001febc4cf700, 0x000001febc4d0160, 0x000001febc4d3030, 0x000001febc4d7de0,
0x000001febc5f75b0, 0x000001febc8bd2e0, 0x000001febc8bd950, 0x000001fe84b33b90,
0x000001fe84b32e70, 0x000001fe84b34220, 0x000001fe84b348b0, 0x000001fe8678c2c0,
0x000001fe8678c950, 0x000001fe8678fdd0, 0x000001fe86790460, 0x000001fe86790af0,
0x000001fe8678d670, 0x000001fe86791180, 0x000001fe86792bc0, 0x000001fe86793250,
0x000001fe86791810, 0x000001fe86791ea0, 0x000001fe86792530, 0x000001fe8408fd70,
0x000001fe84092b60, 0x000001fe84090400
}

Java Threads: ( => current thread )
  0x000001febc4cb630 JavaThread "Reference Handler"          daemon [_thread_blocked, id=1016, stack(0x000000f3d9d00000,0x000000f3d9e00000) (1024K)]
  0x000001febc4cc090 JavaThread "Finalizer"                  daemon [_thread_blocked, id=11548, stack(0x000000f3d9e00000,0x000000f3d9f00000) (1024K)]
  0x000001febc4cce80 JavaThread "Signal Dispatcher"          daemon [_thread_blocked, id=19392, stack(0x000000f3d9f00000,0x000000f3da000000) (1024K)]
  0x000001febc4cdc90 JavaThread "Attach Listener"            daemon [_thread_blocked, id=19812, stack(0x000000f3da000000,0x000000f3da100000) (1024K)]
  0x000001febc4cf700 JavaThread "Service Thread"             daemon [_thread_blocked, id=18800, stack(0x000000f3da100000,0x000000f3da200000) (1024K)]
  0x000001febc4d0160 JavaThread "Monitor Deflation Thread"   daemon [_thread_blocked, id=5520, stack(0x000000f3da200000,0x000000f3da300000) (1024K)]
=>0x000001febc4d3030 JavaThread "C2 CompilerThread0"         daemon [_thread_in_native, id=18900, stack(0x000000f3da300000,0x000000f3da400000) (1024K)]
  0x000001febc4d7de0 JavaThread "C1 CompilerThread0"         daemon [_thread_blocked, id=1184, stack(0x000000f3da400000,0x000000f3da500000) (1024K)]
  0x000001febc5f75b0 JavaThread "Common-Cleaner"             daemon [_thread_blocked, id=19644, stack(0x000000f3da500000,0x000000f3da600000) (1024K)]
  0x000001febc8bd2e0 JavaThread "Monitor Ctrl-Break"         daemon [_thread_in_native, id=21876, stack(0x000000f3da700000,0x000000f3da800000) (1024K)]
  0x000001febc8bd950 JavaThread "Notification Thread"        daemon [_thread_blocked, id=22080, stack(0x000000f3da800000,0x000000f3da900000) (1024K)]
  0x000001fe84b33b90 JavaThread "Catalina-utility-1"                [_thread_blocked, id=15348, stack(0x000000f3db000000,0x000000f3db100000) (1024K)]
  0x000001fe84b32e70 JavaThread "Catalina-utility-2"                [_thread_blocked, id=5684, stack(0x000000f3db400000,0x000000f3db500000) (1024K)]
  0x000001fe84b34220 JavaThread "container-0"                       [_thread_blocked, id=22368, stack(0x000000f3db500000,0x000000f3db600000) (1024K)]
  0x000001fe84b348b0 JavaThread "HikariPool-1:housekeeper"   daemon [_thread_blocked, id=19412, stack(0x000000f3db700000,0x000000f3db800000) (1024K)]
  0x000001fe8678c2c0 JavaThread "File Watcher"               daemon [_thread_in_native, id=20092, stack(0x000000f3db900000,0x000000f3dba00000) (1024K)]
  0x000001fe8678c950 JavaThread "Live Reload Server"         daemon [_thread_in_native, id=21672, stack(0x000000f3dbb00000,0x000000f3dbc00000) (1024K)]
  0x000001fe8678fdd0 JavaThread "http-nio-8080-exec-1"       daemon [_thread_blocked, id=1968, stack(0x000000f3dba00000,0x000000f3dbb00000) (1024K)]
  0x000001fe86790460 JavaThread "http-nio-8080-exec-2"       daemon [_thread_blocked, id=15648, stack(0x000000f3dbc00000,0x000000f3dbd00000) (1024K)]
  0x000001fe86790af0 JavaThread "http-nio-8080-exec-3"       daemon [_thread_blocked, id=20080, stack(0x000000f3dbd00000,0x000000f3dbe00000) (1024K)]
  0x000001fe8678d670 JavaThread "http-nio-8080-exec-4"       daemon [_thread_blocked, id=19160, stack(0x000000f3dbe00000,0x000000f3dbf00000) (1024K)]
  0x000001fe86791180 JavaThread "http-nio-8080-exec-5"       daemon [_thread_blocked, id=16988, stack(0x000000f3dbf00000,0x000000f3dc000000) (1024K)]
  0x000001fe86792bc0 JavaThread "http-nio-8080-exec-6"       daemon [_thread_blocked, id=11012, stack(0x000000f3dc000000,0x000000f3dc100000) (1024K)]
  0x000001fe86793250 JavaThread "http-nio-8080-exec-7"       daemon [_thread_blocked, id=10816, stack(0x000000f3dc100000,0x000000f3dc200000) (1024K)]
  0x000001fe86791810 JavaThread "http-nio-8080-exec-8"       daemon [_thread_blocked, id=14448, stack(0x000000f3dc200000,0x000000f3dc300000) (1024K)]
  0x000001fe86791ea0 JavaThread "http-nio-8080-exec-9"       daemon [_thread_blocked, id=18172, stack(0x000000f3dc300000,0x000000f3dc400000) (1024K)]
  0x000001fe86792530 JavaThread "http-nio-8080-exec-10"      daemon [_thread_blocked, id=3568, stack(0x000000f3dc400000,0x000000f3dc500000) (1024K)]
  0x000001fe8408fd70 JavaThread "http-nio-8080-Poller"       daemon [_thread_in_native, id=8492, stack(0x000000f3dc500000,0x000000f3dc600000) (1024K)]
  0x000001fe84092b60 JavaThread "http-nio-8080-Acceptor"     daemon [_thread_in_native, id=20784, stack(0x000000f3dc600000,0x000000f3dc700000) (1024K)]
  0x000001fe84090400 JavaThread "DestroyJavaVM"                     [_thread_blocked, id=11504, stack(0x000000f3d9500000,0x000000f3d9600000) (1024K)]
Total: 30

Other Threads:
  0x000001febc28f9a0 VMThread "VM Thread"                           [id=21652, stack(0x000000f3d9c00000,0x000000f3d9d00000) (1024K)]
  0x000001febc27a6e0 WatcherThread "VM Periodic Task Thread"        [id=21456, stack(0x000000f3d9b00000,0x000000f3d9c00000) (1024K)]
  0x000001fe9f87aec0 WorkerThread "GC Thread#0"                     [id=18944, stack(0x000000f3d9600000,0x000000f3d9700000) (1024K)]
  0x000001fefe8f1e30 WorkerThread "GC Thread#1"                     [id=16956, stack(0x000000f3dab00000,0x000000f3dac00000) (1024K)]
  0x000001fefe8f21e0 WorkerThread "GC Thread#2"                     [id=6272, stack(0x000000f3dac00000,0x000000f3dad00000) (1024K)]
  0x000001fefe8f2590 WorkerThread "GC Thread#3"                     [id=2256, stack(0x000000f3dad00000,0x000000f3dae00000) (1024K)]
  0x000001fefe8f3160 WorkerThread "GC Thread#4"                     [id=21272, stack(0x000000f3dae00000,0x000000f3daf00000) (1024K)]
  0x000001fefe8f3920 WorkerThread "GC Thread#5"                     [id=14960, stack(0x000000f3daf00000,0x000000f3db000000) (1024K)]
  0x000001fefeb3c8f0 WorkerThread "GC Thread#6"                     [id=19916, stack(0x000000f3db100000,0x000000f3db200000) (1024K)]
  0x000001fefeb38920 WorkerThread "GC Thread#7"                     [id=7520, stack(0x000000f3db200000,0x000000f3db300000) (1024K)]
  0x000001fe9f8ac4c0 ConcurrentGCThread "G1 Main Marker"            [id=20520, stack(0x000000f3d9700000,0x000000f3d9800000) (1024K)]
  0x000001fe9f8add90 WorkerThread "G1 Conc#0"                       [id=5868, stack(0x000000f3d9800000,0x000000f3d9900000) (1024K)]
  0x000001fefeb38570 WorkerThread "G1 Conc#1"                       [id=18168, stack(0x000000f3db300000,0x000000f3db400000) (1024K)]
  0x000001febc144100 ConcurrentGCThread "G1 Refine#0"               [id=16100, stack(0x000000f3d9900000,0x000000f3d9a00000) (1024K)]
  0x000001febc146940 ConcurrentGCThread "G1 Service"                [id=22016, stack(0x000000f3d9a00000,0x000000f3d9b00000) (1024K)]
Total: 15

Threads with active compile tasks:
C2 CompilerThread0  17106599 5538       4       java.util.concurrent.ScheduledThreadPoolExecutor$DelayedWorkQueue::add (9 bytes)
Total: 1

VM state: not at safepoint (normal execution)

VM Mutex/Monitor currently owned by a thread: None

OutOfMemory and StackOverflow Exception counts:
OutOfMemoryError java_heap_errors=2
LinkageErrors=110

Heap address: 0x0000000084400000, size: 1980 MB, Compressed Oops mode: 32-bit

CDS archive(s) mapped at: [0x000001febd000000-0x000001febdd70000-0x000001febdd70000), size 14090240, SharedBaseAddress: 0x000001febd000000, ArchiveRelocationMode: 1.
Compressed class space mapped at: 0x000001febe000000-0x000001fefe000000, reserved size: 1073741824
Narrow klass base: 0x000001febd000000, Narrow klass shift: 0, Narrow klass range: 0x41000000

GC Precious Log:
 CardTable entry size: 512
 Card Set container configuration: InlinePtr #cards 5 size 8 Array Of Cards #cards 10 size 36 Howl #buckets 4 coarsen threshold 1843 Howl Bitmap #cards 512 size 80 coarsen threshold 460 Card regions per heap region 1 cards per card region 2048
 CPUs: 8 total, 8 available
 Memory: 7914M
 Large Page Support: Disabled
 NUMA Support: Disabled
 Compressed Oops: Enabled (32-bit)
 Heap Region Size: 1M
 Heap Min Capacity: 8M
 Heap Initial Capacity: 124M
 Heap Max Capacity: 1980M
 Pre-touch: Disabled
 Parallel Workers: 8
 Concurrent Workers: 2
 Concurrent Refinement Workers: 8
 Periodic GC: Disabled

Heap:
 garbage-first heap   total reserved 2027520K, committed 51200K, used 38801K [0x0000000084400000, 0x0000000100000000)
  region size 1024K, 17 young (17408K), 3 survivors (3072K)
 Metaspace       used 52477K, committed 53120K, reserved 1114112K
  class space    used 7102K, committed 7360K, reserved 1048576K

Heap Regions: E=young(eden), S=young(survivor), O=old, HS=humongous(starts), HC=humongous(continues), CS=collection set, F=free, TAMS=top-at-mark-start, PB=parsable bottom
|   0|0x0000000084400000, 0x0000000084500000, 0x0000000084500000|100%|HS|  |TAMS 0x0000000084400000| PB 0x0000000084400000| Complete |  0
|   1|0x0000000084500000, 0x0000000084600000, 0x0000000084600000|100%|HS|  |TAMS 0x0000000084500000| PB 0x0000000084500000| Complete |  0
|   2|0x0000000084600000, 0x0000000084700000, 0x0000000084700000|100%| O|  |TAMS 0x0000000084600000| PB 0x0000000084600000| Untracked |  0
|   3|0x0000000084700000, 0x0000000084800000, 0x0000000084800000|100%| O|  |TAMS 0x0000000084700000| PB 0x0000000084700000| Untracked |  0
|   4|0x0000000084800000, 0x0000000084900000, 0x0000000084900000|100%| O|  |TAMS 0x0000000084800000| PB 0x0000000084800000| Untracked |  0
|   5|0x0000000084900000, 0x0000000084a00000, 0x0000000084a00000|100%| O|  |TAMS 0x0000000084900000| PB 0x0000000084900000| Untracked |  0
|   6|0x0000000084a00000, 0x0000000084b00000, 0x0000000084b00000|100%| O|  |TAMS 0x0000000084a00000| PB 0x0000000084a00000| Untracked |  0
|   7|0x0000000084b00000, 0x0000000084c00000, 0x0000000084c00000|100%| O|  |TAMS 0x0000000084b00000| PB 0x0000000084b00000| Untracked |  0
|   8|0x0000000084c00000, 0x0000000084d00000, 0x0000000084d00000|100%| O|  |TAMS 0x0000000084c00000| PB 0x0000000084c00000| Untracked |  0
|   9|0x0000000084d00000, 0x0000000084e00000, 0x0000000084e00000|100%| O|  |TAMS 0x0000000084d00000| PB 0x0000000084d00000| Untracked |  0
|  10|0x0000000084e00000, 0x0000000084f00000, 0x0000000084f00000|100%| O|  |TAMS 0x0000000084e00000| PB 0x0000000084e00000| Untracked |  0
|  11|0x0000000084f00000, 0x0000000085000000, 0x0000000085000000|100%| O|  |TAMS 0x0000000084f00000| PB 0x0000000084f00000| Untracked |  0
|  12|0x0000000085000000, 0x0000000085100000, 0x0000000085100000|100%| O|  |TAMS 0x0000000085000000| PB 0x0000000085000000| Untracked |  0
|  13|0x0000000085100000, 0x0000000085200000, 0x0000000085200000|100%| O|  |TAMS 0x0000000085100000| PB 0x0000000085100000| Untracked |  0
|  14|0x0000000085200000, 0x0000000085300000, 0x0000000085300000|100%| O|  |TAMS 0x0000000085200000| PB 0x0000000085200000| Untracked |  0
|  15|0x0000000085300000, 0x0000000085400000, 0x0000000085400000|100%| O|  |TAMS 0x0000000085300000| PB 0x0000000085300000| Untracked |  0
|  16|0x0000000085400000, 0x0000000085500000, 0x0000000085500000|100%| O|  |TAMS 0x0000000085400000| PB 0x0000000085400000| Untracked |  0
|  17|0x0000000085500000, 0x0000000085600000, 0x0000000085600000|100%| O|  |TAMS 0x0000000085500000| PB 0x0000000085500000| Untracked |  0
|  18|0x0000000085600000, 0x0000000085700000, 0x0000000085700000|100%| O|  |TAMS 0x0000000085600000| PB 0x0000000085600000| Untracked |  0
|  19|0x0000000085700000, 0x0000000085800000, 0x0000000085800000|100%| O|  |TAMS 0x0000000085700000| PB 0x0000000085700000| Untracked |  0
|  20|0x0000000085800000, 0x0000000085900000, 0x0000000085900000|100%| O|  |TAMS 0x0000000085800000| PB 0x0000000085800000| Untracked |  0
|  21|0x0000000085900000, 0x00000000859e4648, 0x0000000085a00000| 89%| O|  |TAMS 0x0000000085900000| PB 0x0000000085900000| Untracked |  0
|  22|0x0000000085a00000, 0x0000000085a00000, 0x0000000085b00000|  0%| F|  |TAMS 0x0000000085a00000| PB 0x0000000085a00000| Untracked |  0
|  23|0x0000000085b00000, 0x0000000085c00000, 0x0000000085c00000|100%| S|CS|TAMS 0x0000000085b00000| PB 0x0000000085b00000| Complete |  0
|  24|0x0000000085c00000, 0x0000000085d00000, 0x0000000085d00000|100%| S|CS|TAMS 0x0000000085c00000| PB 0x0000000085c00000| Complete |  0
|  25|0x0000000085d00000, 0x0000000085e00000, 0x0000000085e00000|100%| S|CS|TAMS 0x0000000085d00000| PB 0x0000000085d00000| Complete |  0
|  26|0x0000000085e00000, 0x0000000085e00000, 0x0000000085f00000|  0%| F|  |TAMS 0x0000000085e00000| PB 0x0000000085e00000| Untracked |  0
|  27|0x0000000085f00000, 0x0000000085f00000, 0x0000000086000000|  0%| F|  |TAMS 0x0000000085f00000| PB 0x0000000085f00000| Untracked |  0
|  28|0x0000000086000000, 0x0000000086000000, 0x0000000086100000|  0%| F|  |TAMS 0x0000000086000000| PB 0x0000000086000000| Untracked |  0
|  29|0x0000000086100000, 0x0000000086100000, 0x0000000086200000|  0%| F|  |TAMS 0x0000000086100000| PB 0x0000000086100000| Untracked |  0
|  30|0x0000000086200000, 0x0000000086200000, 0x0000000086300000|  0%| F|  |TAMS 0x0000000086200000| PB 0x0000000086200000| Untracked |  0
|  31|0x0000000086300000, 0x0000000086300000, 0x0000000086400000|  0%| F|  |TAMS 0x0000000086300000| PB 0x0000000086300000| Untracked |  0
|  32|0x0000000086400000, 0x0000000086400000, 0x0000000086500000|  0%| F|  |TAMS 0x0000000086400000| PB 0x0000000086400000| Untracked |  0
|  33|0x0000000086500000, 0x0000000086500000, 0x0000000086600000|  0%| F|  |TAMS 0x0000000086500000| PB 0x0000000086500000| Untracked |  0
|  34|0x0000000086600000, 0x0000000086600000, 0x0000000086700000|  0%| F|  |TAMS 0x0000000086600000| PB 0x0000000086600000| Untracked |  0
|  35|0x0000000086700000, 0x0000000086700000, 0x0000000086800000|  0%| F|  |TAMS 0x0000000086700000| PB 0x0000000086700000| Untracked |  0
|  36|0x0000000086800000, 0x00000000868df840, 0x0000000086900000| 87%| E|  |TAMS 0x0000000086800000| PB 0x0000000086800000| Complete |  0
|  37|0x0000000086900000, 0x0000000086a00000, 0x0000000086a00000|100%| E|CS|TAMS 0x0000000086900000| PB 0x0000000086900000| Complete |  0
|  38|0x0000000086a00000, 0x0000000086b00000, 0x0000000086b00000|100%| E|CS|TAMS 0x0000000086a00000| PB 0x0000000086a00000| Complete |  0
|  39|0x0000000086b00000, 0x0000000086c00000, 0x0000000086c00000|100%| E|CS|TAMS 0x0000000086b00000| PB 0x0000000086b00000| Complete |  0
|  40|0x0000000086c00000, 0x0000000086d00000, 0x0000000086d00000|100%| E|CS|TAMS 0x0000000086c00000| PB 0x0000000086c00000| Complete |  0
|  41|0x0000000086d00000, 0x0000000086e00000, 0x0000000086e00000|100%| E|CS|TAMS 0x0000000086d00000| PB 0x0000000086d00000| Complete |  0
|  72|0x0000000088c00000, 0x0000000088d00000, 0x0000000088d00000|100%| E|CS|TAMS 0x0000000088c00000| PB 0x0000000088c00000| Complete |  0
|  73|0x0000000088d00000, 0x0000000088e00000, 0x0000000088e00000|100%| E|CS|TAMS 0x0000000088d00000| PB 0x0000000088d00000| Complete |  0
|  74|0x0000000088e00000, 0x0000000088f00000, 0x0000000088f00000|100%| E|CS|TAMS 0x0000000088e00000| PB 0x0000000088e00000| Complete |  0
|  75|0x0000000088f00000, 0x0000000089000000, 0x0000000089000000|100%| E|CS|TAMS 0x0000000088f00000| PB 0x0000000088f00000| Complete |  0
|  76|0x0000000089000000, 0x0000000089100000, 0x0000000089100000|100%| E|CS|TAMS 0x0000000089000000| PB 0x0000000089000000| Complete |  0
|  77|0x0000000089100000, 0x0000000089200000, 0x0000000089200000|100%| E|CS|TAMS 0x0000000089100000| PB 0x0000000089100000| Complete |  0
|  78|0x0000000089200000, 0x0000000089300000, 0x0000000089300000|100%| E|CS|TAMS 0x0000000089200000| PB 0x0000000089200000| Complete |  0
| 123|0x000000008bf00000, 0x000000008c000000, 0x000000008c000000|100%| E|CS|TAMS 0x000000008bf00000| PB 0x000000008bf00000| Complete |  0

Card table byte_map: [0x000001feb7770000,0x000001feb7b50000] _byte_map_base: 0x000001feb734e000

Marking Bits: (CMBitMap*) 0x000001fe9f87b4e0
 Bits: [0x000001feb7b50000, 0x000001feb9a40000)

Polling page: 0x000001fe9d7c0000

Metaspace:

Usage:
  Non-class:     44.31 MB used.
      Class:      6.94 MB used.
       Both:     51.25 MB used.

Virtual space:
  Non-class space:       64.00 MB reserved,      44.69 MB ( 70%) committed,  1 nodes.
      Class space:        1.00 GB reserved,       7.19 MB ( <1%) committed,  1 nodes.
             Both:        1.06 GB reserved,      51.88 MB (  5%) committed. 

Chunk freelists:
   Non-Class:  2.98 MB
       Class:  8.73 MB
        Both:  11.71 MB

MaxMetaspaceSize: unlimited
CompressedClassSpaceSize: 1.00 GB
Initial GC threshold: 21.00 MB
Current GC threshold: 58.88 MB
CDS: on
 - commit_granule_bytes: 65536.
 - commit_granule_words: 8192.
 - virtual_space_node_default_size: 8388608.
 - enlarge_chunks_in_place: 1.
 - use_allocation_guard: 0.


Internal statistics:

num_allocs_failed_limit: 6.
num_arena_births: 788.
num_arena_deaths: 0.
num_vsnodes_births: 2.
num_vsnodes_deaths: 0.
num_space_committed: 830.
num_space_uncommitted: 0.
num_chunks_returned_to_freelist: 6.
num_chunks_taken_from_freelist: 2678.
num_chunk_merges: 6.
num_chunk_splits: 1890.
num_chunks_enlarged: 1435.
num_inconsistent_stats: 0.

CodeHeap 'non-profiled nmethods': size=120064Kb used=2640Kb max_used=2640Kb free=117423Kb
 bounds [0x000001feafa10000, 0x000001feafcb0000, 0x000001feb6f50000]
CodeHeap 'profiled nmethods': size=120000Kb used=8195Kb max_used=8195Kb free=111804Kb
 bounds [0x000001fea7f50000, 0x000001fea8760000, 0x000001feaf480000]
CodeHeap 'non-nmethods': size=5696Kb used=1697Kb max_used=1761Kb free=3998Kb
 bounds [0x000001feaf480000, 0x000001feaf6f0000, 0x000001feafa10000]
CodeCache: size=245760Kb, used=12532Kb, max_used=12596Kb, free=233225Kb
 total_blobs=5788, nmethods=5157, adapters=536, full_count=0
Compilation: enabled, stopped_count=0, restarted_count=0

Compilation events (20 events):
Event: 1305.135 Thread 0x000001febc4d3030 nmethod 5528 0x000001feafca2b08 code [0x000001feafca2c00, 0x000001feafca2cc0]
Event: 1319.057 Thread 0x000001febc4d3030 5529       4       java.util.concurrent.locks.LockSupport::setBlocker (12 bytes)
Event: 1319.059 Thread 0x000001febc4d3030 nmethod 5529 0x000001feafca2e08 code [0x000001feafca2f00, 0x000001feafca3038]
Event: 1319.421 Thread 0x000001febc4d7de0 5530       3       org.h2.jdbc.JdbcConnection::setNetworkTimeout (1 bytes)
Event: 1319.425 Thread 0x000001febc4d7de0 nmethod 5530 0x000001fea874d088 code [0x000001fea874d1a0, 0x000001fea874d2a8]
Event: 1332.589 Thread 0x000001febc4d7de0 5531       3       com.zaxxer.hikari.pool.PoolBase::setNetworkTimeout (21 bytes)
Event: 1332.593 Thread 0x000001febc4d7de0 nmethod 5531 0x000001fea874d388 code [0x000001fea874d4c0, 0x000001fea874d6d8]
Event: 17008.304 Thread 0x000001febc4d7de0 5532       3       org.apache.catalina.core.StandardServer$$Lambda/0x000001febe4152f0::run (8 bytes)
Event: 17008.726 Thread 0x000001febc4d3030 5534       4       java.util.concurrent.ConcurrentHashMap$BaseIterator::<init> (21 bytes)
Event: 17008.985 Thread 0x000001febc4d7de0 nmethod 5532 0x000001fea874d708 code [0x000001fea874d840, 0x000001fea874da88]
Event: 17009.007 Thread 0x000001febc4d7de0 5533       3       org.apache.catalina.core.StandardServer::lambda$startPeriodicLifecycleEvent$0 (9 bytes)
Event: 17009.164 Thread 0x000001febc4d7de0 nmethod 5533 0x000001fea874db08 code [0x000001fea874dc20, 0x000001fea874ddf8]
Event: 17009.164 Thread 0x000001febc4d7de0 5535       3       java.util.concurrent.locks.AbstractQueuedSynchronizer::acquireInterruptibly (36 bytes)
Event: 17009.677 Thread 0x000001febc4d7de0 nmethod 5535 0x000001fea874de88 code [0x000001fea874e000, 0x000001fea874e598]
Event: 17011.776 Thread 0x000001febc4d3030 nmethod 5534 0x000001feafca3108 code [0x000001feafca3220, 0x000001feafca3798]
Event: 17011.859 Thread 0x000001febc4d3030 5536       4       java.util.concurrent.ConcurrentHashMap$Traverser::<init> (36 bytes)
Event: 17012.704 Thread 0x000001febc4d3030 nmethod 5536 0x000001feafca3808 code [0x000001feafca3900, 0x000001feafca3ac8]
Event: 17012.705 Thread 0x000001febc4d3030 5537       4       java.util.concurrent.locks.AbstractQueuedSynchronizer::acquire (20 bytes)
Event: 17015.020 Thread 0x000001febc4d3030 nmethod 5537 0x000001feafca3b08 code [0x000001feafca3c20, 0x000001feafca3d08]
Event: 17015.060 Thread 0x000001febc4d3030 5538       4       java.util.concurrent.ScheduledThreadPoolExecutor$DelayedWorkQueue::add (9 bytes)

GC Heap History (20 events):
Event: 0.890 GC heap before
{Heap before GC invocations=0 (full 0):
 garbage-first heap   total reserved 2027520K, committed 126976K, used 25600K [0x0000000084400000, 0x0000000100000000)
  region size 1024K, 24 young (24576K), 0 survivors (0K)
 Metaspace       used 5925K, committed 6144K, reserved 1114112K
  class space    used 717K, committed 832K, reserved 1048576K
}
Event: 0.895 GC heap after
{Heap after GC invocations=1 (full 0):
 garbage-first heap   total reserved 2027520K, committed 126976K, used 7445K [0x0000000084400000, 0x0000000100000000)
  region size 1024K, 3 young (3072K), 3 survivors (3072K)
 Metaspace       used 5925K, committed 6144K, reserved 1114112K
  class space    used 717K, committed 832K, reserved 1048576K
}
Event: 1.405 GC heap before
{Heap before GC invocations=1 (full 0):
 garbage-first heap   total reserved 2027520K, committed 126976K, used 29973K [0x0000000084400000, 0x0000000100000000)
  region size 1024K, 25 young (25600K), 3 survivors (3072K)
 Metaspace       used 13061K, committed 13376K, reserved 1114112K
  class space    used 1656K, committed 1792K, reserved 1048576K
}
Event: 1.410 GC heap after
{Heap after GC invocations=2 (full 0):
 garbage-first heap   total reserved 2027520K, committed 126976K, used 9675K [0x0000000084400000, 0x0000000100000000)
  region size 1024K, 2 young (2048K), 2 survivors (2048K)
 Metaspace       used 13061K, committed 13376K, reserved 1114112K
  class space    used 1656K, committed 1792K, reserved 1048576K
}
Event: 2.374 GC heap before
{Heap before GC invocations=2 (full 0):
 garbage-first heap   total reserved 2027520K, committed 126976K, used 51659K [0x0000000084400000, 0x0000000100000000)
  region size 1024K, 45 young (46080K), 2 survivors (2048K)
 Metaspace       used 21154K, committed 21504K, reserved 1114112K
  class space    used 2654K, committed 2816K, reserved 1048576K
}
Event: 2.380 GC heap after
{Heap after GC invocations=3 (full 0):
 garbage-first heap   total reserved 2027520K, committed 126976K, used 13787K [0x0000000084400000, 0x0000000100000000)
  region size 1024K, 7 young (7168K), 7 survivors (7168K)
 Metaspace       used 21154K, committed 21504K, reserved 1114112K
  class space    used 2654K, committed 2816K, reserved 1048576K
}
Event: 2.946 GC heap before
{Heap before GC invocations=4 (full 0):
 garbage-first heap   total reserved 2027520K, committed 51200K, used 37339K [0x0000000084400000, 0x0000000100000000)
  region size 1024K, 30 young (30720K), 7 survivors (7168K)
 Metaspace       used 24113K, committed 24512K, reserved 1114112K
  class space    used 3056K, committed 3200K, reserved 1048576K
}
Event: 2.952 GC heap after
{Heap after GC invocations=5 (full 0):
 garbage-first heap   total reserved 2027520K, committed 51200K, used 15925K [0x0000000084400000, 0x0000000100000000)
  region size 1024K, 2 young (2048K), 2 survivors (2048K)
 Metaspace       used 24113K, committed 24512K, reserved 1114112K
  class space    used 3056K, committed 3200K, reserved 1048576K
}
Event: 3.817 GC heap before
{Heap before GC invocations=5 (full 0):
 garbage-first heap   total reserved 2027520K, committed 51200K, used 37429K [0x0000000084400000, 0x0000000100000000)
  region size 1024K, 23 young (23552K), 2 survivors (2048K)
 Metaspace       used 28399K, committed 28864K, reserved 1114112K
  class space    used 3669K, committed 3904K, reserved 1048576K
}
Event: 3.821 GC heap after
{Heap after GC invocations=6 (full 0):
 garbage-first heap   total reserved 2027520K, committed 51200K, used 18395K [0x0000000084400000, 0x0000000100000000)
  region size 1024K, 3 young (3072K), 3 survivors (3072K)
 Metaspace       used 28399K, committed 28864K, reserved 1114112K
  class space    used 3669K, committed 3904K, reserved 1048576K
}
Event: 4.347 GC heap before
{Heap before GC invocations=6 (full 0):
 garbage-first heap   total reserved 2027520K, committed 51200K, used 37851K [0x0000000084400000, 0x0000000100000000)
  region size 1024K, 23 young (23552K), 3 survivors (3072K)
 Metaspace       used 33291K, committed 33856K, reserved 1114112K
  class space    used 4355K, committed 4608K, reserved 1048576K
}
Event: 4.350 GC heap after
{Heap after GC invocations=7 (full 0):
 garbage-first heap   total reserved 2027520K, committed 51200K, used 20145K [0x0000000084400000, 0x0000000100000000)
  region size 1024K, 2 young (2048K), 2 survivors (2048K)
 Metaspace       used 33291K, committed 33856K, reserved 1114112K
  class space    used 4355K, committed 4608K, reserved 1048576K
}
Event: 4.531 GC heap before
{Heap before GC invocations=7 (full 0):
 garbage-first heap   total reserved 2027520K, committed 51200K, used 28337K [0x0000000084400000, 0x0000000100000000)
  region size 1024K, 11 young (11264K), 2 survivors (2048K)
 Metaspace       used 35493K, committed 35968K, reserved 1114112K
  class space    used 4743K, committed 4928K, reserved 1048576K
}
Event: 4.534 GC heap after
{Heap after GC invocations=8 (full 0):
 garbage-first heap   total reserved 2027520K, committed 51200K, used 20392K [0x0000000084400000, 0x0000000100000000)
  region size 1024K, 2 young (2048K), 2 survivors (2048K)
 Metaspace       used 35493K, committed 35968K, reserved 1114112K
  class space    used 4743K, committed 4928K, reserved 1048576K
}
Event: 5.046 GC heap before
{Heap before GC invocations=9 (full 0):
 garbage-first heap   total reserved 2027520K, committed 51200K, used 40872K [0x0000000084400000, 0x0000000100000000)
  region size 1024K, 23 young (23552K), 2 survivors (2048K)
 Metaspace       used 42272K, committed 42816K, reserved 1114112K
  class space    used 5633K, committed 5888K, reserved 1048576K
}
Event: 5.050 GC heap after
{Heap after GC invocations=10 (full 0):
 garbage-first heap   total reserved 2027520K, committed 51200K, used 22057K [0x0000000084400000, 0x0000000100000000)
  region size 1024K, 3 young (3072K), 3 survivors (3072K)
 Metaspace       used 42272K, committed 42816K, reserved 1114112K
  class space    used 5633K, committed 5888K, reserved 1048576K
}
Event: 5.418 GC heap before
{Heap before GC invocations=10 (full 0):
 garbage-first heap   total reserved 2027520K, committed 51200K, used 41513K [0x0000000084400000, 0x0000000100000000)
  region size 1024K, 23 young (23552K), 3 survivors (3072K)
 Metaspace       used 48402K, committed 48960K, reserved 1114112K
  class space    used 6559K, committed 6848K, reserved 1048576K
}
Event: 5.421 GC heap after
{Heap after GC invocations=11 (full 0):
 garbage-first heap   total reserved 2027520K, committed 51200K, used 22920K [0x0000000084400000, 0x0000000100000000)
  region size 1024K, 3 young (3072K), 3 survivors (3072K)
 Metaspace       used 48402K, committed 48960K, reserved 1114112K
  class space    used 6559K, committed 6848K, reserved 1048576K
}
Event: 5.931 GC heap before
{Heap before GC invocations=11 (full 0):
 garbage-first heap   total reserved 2027520K, committed 51200K, used 44424K [0x0000000084400000, 0x0000000100000000)
  region size 1024K, 24 young (24576K), 3 survivors (3072K)
 Metaspace       used 51506K, committed 52096K, reserved 1114112K
  class space    used 6973K, committed 7232K, reserved 1048576K
}
Event: 5.934 GC heap after
{Heap after GC invocations=12 (full 0):
 garbage-first heap   total reserved 2027520K, committed 51200K, used 25489K [0x0000000084400000, 0x0000000100000000)
  region size 1024K, 3 young (3072K), 3 survivors (3072K)
 Metaspace       used 51506K, committed 52096K, reserved 1114112K
  class space    used 6973K, committed 7232K, reserved 1048576K
}

Dll operation events (14 events):
Event: 0.017 Loaded shared library C:\Users\user\.jdks\openjdk-23.0.2\bin\java.dll
Event: 0.062 Loaded shared library C:\Users\user\.jdks\openjdk-23.0.2\bin\jsvml.dll
Event: 0.165 Loaded shared library C:\Users\user\.jdks\openjdk-23.0.2\bin\zip.dll
Event: 0.172 Loaded shared library C:\Users\user\.jdks\openjdk-23.0.2\bin\instrument.dll
Event: 0.176 Loaded shared library C:\Users\user\.jdks\openjdk-23.0.2\bin\net.dll
Event: 0.178 Loaded shared library C:\Users\user\.jdks\openjdk-23.0.2\bin\nio.dll
Event: 0.182 Loaded shared library C:\Users\user\.jdks\openjdk-23.0.2\bin\zip.dll
Event: 0.394 Loaded shared library C:\Program Files\JetBrains\IntelliJ IDEA Community Edition 2024.3.1.1\bin\breakgen64.dll
Event: 0.408 Loaded shared library C:\Users\user\.jdks\openjdk-23.0.2\bin\extnet.dll
Event: 0.450 Loaded shared library C:\Users\user\.jdks\openjdk-23.0.2\bin\jimage.dll
Event: 0.727 Loaded shared library C:\Users\user\.jdks\openjdk-23.0.2\bin\management.dll
Event: 0.733 Loaded shared library C:\Users\user\.jdks\openjdk-23.0.2\bin\management_ext.dll
Event: 1.858 Loaded shared library C:\Users\user\.jdks\openjdk-23.0.2\bin\sunmscapi.dll
Event: 4.453 Loaded shared library C:\Users\user\.jdks\openjdk-23.0.2\bin\verify.dll

Deoptimization events (20 events):
Event: 6.018 Thread 0x000001fefe5884c0 DEOPT UNPACKING pc=0x000001feaf4d7982 sp=0x000000f3daafed88 mode 2
Event: 6.024 Thread 0x000001fefe5884c0 Uncommon trap: trap_request=0xffffff45 fr.pc=0x000001feafa7d55c relative=0x000000000000005c
Event: 6.024 Thread 0x000001fefe5884c0 Uncommon trap: reason=unstable_if action=reinterpret pc=0x000001feafa7d55c method=org.springframework.util.ConcurrentReferenceHashMap$Segment.clear()V @ 7 c2
Event: 6.024 Thread 0x000001fefe5884c0 DEOPT PACKING pc=0x000001feafa7d55c sp=0x000000f3daaff0c0
Event: 6.024 Thread 0x000001fefe5884c0 DEOPT UNPACKING pc=0x000001feaf4d7982 sp=0x000000f3daaff050 mode 2
Event: 6.047 Thread 0x000001fefe5884c0 Uncommon trap: trap_request=0xffffff45 fr.pc=0x000001feafbafa90 relative=0x0000000000001350
Event: 6.047 Thread 0x000001fefe5884c0 Uncommon trap: reason=unstable_if action=reinterpret pc=0x000001feafbafa90 method=java.lang.String.<init>(Ljava/nio/charset/Charset;[BII)V @ 6 c2
Event: 6.047 Thread 0x000001fefe5884c0 DEOPT PACKING pc=0x000001feafbafa90 sp=0x000000f3daafe2b0
Event: 6.048 Thread 0x000001fefe5884c0 DEOPT UNPACKING pc=0x000001feaf4d7982 sp=0x000000f3daafe270 mode 2
Event: 6.067 Thread 0x000001fefe5884c0 Uncommon trap: trap_request=0xffffffde fr.pc=0x000001feafc697f4 relative=0x0000000000001eb4
Event: 6.067 Thread 0x000001fefe5884c0 Uncommon trap: reason=class_check action=maybe_recompile pc=0x000001feafc697f4 method=org.springframework.core.ResolvableType.resolveType()Lorg/springframework/core/ResolvableType; @ 44 c2
Event: 6.067 Thread 0x000001fefe5884c0 DEOPT PACKING pc=0x000001feafc697f4 sp=0x000000f3daafe780
Event: 6.067 Thread 0x000001fefe5884c0 DEOPT UNPACKING pc=0x000001feaf4d7982 sp=0x000000f3daafe798 mode 2
Event: 6.067 Thread 0x000001fefe5884c0 Uncommon trap: trap_request=0xffffffde fr.pc=0x000001feafc697f4 relative=0x0000000000001eb4
Event: 6.067 Thread 0x000001fefe5884c0 Uncommon trap: reason=class_check action=maybe_recompile pc=0x000001feafc697f4 method=org.springframework.core.ResolvableType.resolveType()Lorg/springframework/core/ResolvableType; @ 44 c2
Event: 6.067 Thread 0x000001fefe5884c0 DEOPT PACKING pc=0x000001feafc697f4 sp=0x000000f3daafe8c0
Event: 6.067 Thread 0x000001fefe5884c0 DEOPT UNPACKING pc=0x000001feaf4d7982 sp=0x000000f3daafe8d8 mode 2
Event: 87.989 Thread 0x000001fe8678c2c0 DEOPT PACKING pc=0x000001fea85b19ae sp=0x000000f3db9fee60
Event: 87.989 Thread 0x000001fe8678c2c0 DEOPT UNPACKING pc=0x000001feaf4d84c2 sp=0x000000f3db9fe328 mode 0
Event: 17026.100 Thread 0x000001fe84b33b90 Uncommon trap: trap_request=0xffffff45 fr.pc=0x000001feafc9f2f4 relative=0x0000000000000074

Classes loaded (20 events):
Event: 6.072 Loading class java/beans/WeakIdentityMap done
Event: 6.072 Loading class java/beans/ThreadGroupContext$1 done
Event: 6.072 Loading class java/beans/WeakIdentityMap$Entry
Event: 6.073 Loading class java/beans/WeakIdentityMap$Entry done
Event: 6.073 Loading class com/sun/beans/introspect/ClassInfo
Event: 6.073 Loading class com/sun/beans/introspect/ClassInfo done
Event: 6.073 Loading class com/sun/beans/introspect/ClassInfo$1
Event: 6.073 Loading class com/sun/beans/util/Cache
Event: 6.074 Loading class com/sun/beans/util/Cache done
Event: 6.074 Loading class com/sun/beans/introspect/ClassInfo$1 done
Event: 6.074 Loading class com/sun/beans/util/Cache$Kind
Event: 6.074 Loading class com/sun/beans/util/Cache$Kind done
Event: 6.074 Loading class com/sun/beans/util/Cache$Kind$1
Event: 6.074 Loading class com/sun/beans/util/Cache$Kind$1 done
Event: 6.074 Loading class com/sun/beans/util/Cache$Kind$2
Event: 6.075 Loading class com/sun/beans/util/Cache$Kind$2 done
Event: 6.075 Loading class com/sun/beans/util/Cache$Kind$3
Event: 6.075 Loading class com/sun/beans/util/Cache$Kind$3 done
Event: 6.075 Loading class com/sun/beans/util/Cache$CacheEntry
Event: 6.075 Loading class com/sun/beans/util/Cache$CacheEntry done

Classes unloaded (0 events):
No events

Classes redefined (0 events):
No events

Internal exceptions (20 events):
Event: 4.148 Thread 0x000001fefe5884c0 Exception <a 'java/lang/NoSuchMethodError'{0x0000000086a98610}: 'void java.lang.invoke.DelegatingMethodHandle$Holder.reinvoke_L(java.lang.Object, java.lang.Object, java.lang.Object, java.lang.Object, int, java.lang.Object, java.lang.Object, java.lang.Object)'> (0x0000000086a98610) 
thrown [s\open\src\hotspot\share\interpreter\linkResolver.cpp, line 796]
Event: 4.708 Thread 0x000001fefe5884c0 Exception <a 'java/lang/NoSuchMethodError'{0x0000000088d6f2d8}: 'int java.lang.invoke.DirectMethodHandle$Holder.invokeStatic(java.lang.Object)'> (0x0000000088d6f2d8) 
thrown [s\open\src\hotspot\share\interpreter\linkResolver.cpp, line 796]
Event: 4.832 Thread 0x000001fefe5884c0 Exception <a 'java/lang/NoSuchMethodError'{0x0000000086992c68}: 'void java.lang.invoke.DirectMethodHandle$Holder.invokeStaticInit(java.lang.Object, java.lang.Object, java.lang.Object, java.lang.Object, java.lang.Object)'> (0x0000000086992c68) 
thrown [s\open\src\hotspot\share\interpreter\linkResolver.cpp, line 796]
Event: 5.046 Thread 0x000001fefe5884c0 Exception <a 'java/lang/NoSuchMethodError'{0x0000000085ffd740}: 'java.lang.Object java.lang.invoke.DirectMethodHandle$Holder.invokeStaticInit(java.lang.Object, java.lang.Object, java.lang.Object, java.lang.Object)'> (0x0000000085ffd740) 
thrown [s\open\src\hotspot\share\interpreter\linkResolver.cpp, line 796]
Event: 5.071 Thread 0x000001fefe5884c0 Exception <a 'java/lang/NoSuchMethodError'{0x000000008bffcb70}: 'int java.lang.invoke.Invokers$Holder.invokeExact_MT(java.lang.Object, java.lang.Object)'> (0x000000008bffcb70) 
thrown [s\open\src\hotspot\share\interpreter\linkResolver.cpp, line 796]
Event: 5.279 Thread 0x000001fefe5884c0 Exception <a 'java/lang/IncompatibleClassChangeError'{0x0000000086a51bf8}: Found class java.lang.Object, but interface was expected> (0x0000000086a51bf8) 
thrown [s\open\src\hotspot\share\interpreter\linkResolver.cpp, line 863]
Event: 5.296 Thread 0x000001fefe5884c0 Exception <a 'java/lang/NoSuchMethodError'{0x0000000086936c98}: 'java.lang.Object java.lang.invoke.DirectMethodHandle$Holder.invokeStatic(java.lang.Object, java.lang.Object, int, java.lang.Object)'> (0x0000000086936c98) 
thrown [s\open\src\hotspot\share\interpreter\linkResolver.cpp, line 796]
Event: 5.296 Thread 0x000001fefe5884c0 Exception <a 'java/lang/NoSuchMethodError'{0x000000008693a460}: 'java.lang.Object java.lang.invoke.DirectMethodHandle$Holder.invokeStaticInit(java.lang.Object, java.lang.Object, int, java.lang.Object)'> (0x000000008693a460) 
thrown [s\open\src\hotspot\share\interpreter\linkResolver.cpp, line 796]
Event: 5.466 Thread 0x000001fefe5884c0 Implicit null exception at 0x000001feafa547f3 to 0x000001feafa54924
Event: 5.488 Thread 0x000001fefe5884c0 Exception <a 'java/lang/NoSuchMethodError'{0x0000000089177b60}: 'java.lang.Object java.lang.invoke.DirectMethodHandle$Holder.newInvokeSpecial(java.lang.Object, java.lang.Object, java.lang.Object, java.lang.Object, java.lang.Object, java.lang.Object, java.lang.Object, java.lang.Object)'> (0x0000000089177b60) 
thrown [s\open\src\hotspot\share\interpreter\linkResolver.cpp, line 796]
Event: 5.646 Thread 0x000001fefe5884c0 Exception <a 'java/lang/NoSuchMethodError'{0x0000000086d77100}: 'java.lang.Object java.lang.invoke.DirectMethodHandle$Holder.invokeSpecial(java.lang.Object, java.lang.Object, int, java.lang.Object, java.lang.Object)'> (0x0000000086d77100) 
thrown [s\open\src\hotspot\share\interpreter\linkResolver.cpp, line 796]
Event: 5.646 Thread 0x000001fefe5884c0 Exception <a 'java/lang/NoSuchMethodError'{0x0000000086d7adb0}: 'java.lang.Object java.lang.invoke.DelegatingMethodHandle$Holder.delegate(java.lang.Object, int, java.lang.Object, java.lang.Object)'> (0x0000000086d7adb0) 
thrown [s\open\src\hotspot\share\interpreter\linkResolver.cpp, line 796]
Event: 5.650 Thread 0x000001fefe5884c0 Exception <a 'java/lang/NoSuchMethodError'{0x0000000086d8aa70}: 'int java.lang.invoke.Invokers$Holder.linkToTargetMethod(java.lang.Object, java.lang.Object, java.lang.Object)'> (0x0000000086d8aa70) 
thrown [s\open\src\hotspot\share\interpreter\linkResolver.cpp, line 796]
Event: 5.686 Thread 0x000001fefe5884c0 Exception <a 'java/lang/NoSuchMethodError'{0x0000000086cc5110}: 'void java.lang.invoke.Invokers$Holder.invokeExact_MT(java.lang.Object, java.lang.Object, java.lang.Object, java.lang.Object)'> (0x0000000086cc5110) 
thrown [s\open\src\hotspot\share\interpreter\linkResolver.cpp, line 796]
Event: 5.722 Thread 0x000001fefe5884c0 Exception <a 'java/lang/IncompatibleClassChangeError'{0x0000000086aafb70}: Found class java.lang.Object, but interface was expected> (0x0000000086aafb70) 
thrown [s\open\src\hotspot\share\interpreter\linkResolver.cpp, line 863]
Event: 5.819 Thread 0x000001fefe5884c0 Exception <a 'java/lang/NoSuchMethodError'{0x000000008663e098}: 'int java.lang.invoke.DirectMethodHandle$Holder.invokeStaticInit(java.lang.Object, java.lang.Object, java.lang.Object, java.lang.Object)'> (0x000000008663e098) 
thrown [s\open\src\hotspot\share\interpreter\linkResolver.cpp, line 796]
Event: 5.862 Thread 0x000001fefe5884c0 Exception <a 'java/lang/IncompatibleClassChangeError'{0x00000000865c1b20}: Found class java.lang.Object, but interface was expected> (0x00000000865c1b20) 
thrown [s\open\src\hotspot\share\interpreter\linkResolver.cpp, line 863]
Event: 5.907 Thread 0x000001fefe5884c0 Implicit null exception at 0x000001feafc314c8 to 0x000001feafc33254
Event: 5.907 Thread 0x000001fefe5884c0 Implicit null exception at 0x000001feafb2bba2 to 0x000001feafb2bc18
Event: 6.028 Thread 0x000001fefe5884c0 Exception <a 'java/lang/NoSuchMethodError'{0x0000000089078480}: 'java.lang.Object java.lang.invoke.DirectMethodHandle$Holder.newInvokeSpecial(java.lang.Object, java.lang.Object, int, java.lang.Object, java.lang.Object)'> (0x0000000089078480) 
thrown [s\open\src\hotspot\share\interpreter\linkResolver.cpp, line 796]

VM Operations (20 events):
Event: 5.418 Executing VM operation: G1CollectForAllocation (G1 Evacuation Pause)
Event: 5.421 Executing VM operation: G1CollectForAllocation (G1 Evacuation Pause) done
Event: 5.427 Executing VM operation: HandshakeAllThreads (Deoptimize)
Event: 5.427 Executing VM operation: HandshakeAllThreads (Deoptimize) done
Event: 5.568 Executing VM operation: HandshakeAllThreads (Deoptimize)
Event: 5.568 Executing VM operation: HandshakeAllThreads (Deoptimize) done
Event: 5.610 Executing VM operation: HandshakeAllThreads (Deoptimize)
Event: 5.610 Executing VM operation: HandshakeAllThreads (Deoptimize) done
Event: 5.612 Executing VM operation: HandshakeAllThreads (Deoptimize)
Event: 5.612 Executing VM operation: HandshakeAllThreads (Deoptimize) done
Event: 5.731 Executing VM operation: HandshakeAllThreads (Deoptimize)
Event: 5.731 Executing VM operation: HandshakeAllThreads (Deoptimize) done
Event: 5.790 Executing VM operation: HandshakeAllThreads (Deoptimize)
Event: 5.790 Executing VM operation: HandshakeAllThreads (Deoptimize) done
Event: 5.930 Executing VM operation: G1CollectForAllocation (G1 Evacuation Pause)
Event: 5.934 Executing VM operation: G1CollectForAllocation (G1 Evacuation Pause) done
Event: 60.278 Executing VM operation: HandshakeAllThreads (HandshakeForDeflation)
Event: 60.278 Executing VM operation: HandshakeAllThreads (HandshakeForDeflation) done
Event: 60.278 Executing VM operation: RendezvousGCThreads
Event: 60.278 Executing VM operation: RendezvousGCThreads done

Memory protections (0 events):
No events

Nmethod flushes (20 events):
Event: 4.551 Thread 0x000001febc28f9a0 flushing  nmethod 0x000001fea805ab88
Event: 4.551 Thread 0x000001febc28f9a0 flushing  nmethod 0x000001fea805ae88
Event: 4.551 Thread 0x000001febc28f9a0 flushing  nmethod 0x000001fea805c008
Event: 4.551 Thread 0x000001febc28f9a0 flushing  nmethod 0x000001fea805c708
Event: 4.551 Thread 0x000001febc28f9a0 flushing  nmethod 0x000001fea805d608
Event: 4.551 Thread 0x000001febc28f9a0 flushing  nmethod 0x000001fea805dc08
Event: 4.551 Thread 0x000001febc28f9a0 flushing  nmethod 0x000001fea8091708
Event: 4.551 Thread 0x000001febc28f9a0 flushing  nmethod 0x000001fea8093588
Event: 4.551 Thread 0x000001febc28f9a0 flushing  nmethod 0x000001fea8093908
Event: 4.551 Thread 0x000001febc28f9a0 flushing  nmethod 0x000001fea8094088
Event: 4.551 Thread 0x000001febc28f9a0 flushing  nmethod 0x000001fea8095308
Event: 4.551 Thread 0x000001febc28f9a0 flushing  nmethod 0x000001fea80b4988
Event: 4.551 Thread 0x000001febc28f9a0 flushing osr nmethod 0x000001fea80b5708
Event: 4.551 Thread 0x000001febc28f9a0 flushing  nmethod 0x000001fea80bb788
Event: 4.551 Thread 0x000001febc28f9a0 flushing  nmethod 0x000001fea80f2c88
Event: 4.551 Thread 0x000001febc28f9a0 flushing  nmethod 0x000001fea80f5488
Event: 4.551 Thread 0x000001febc28f9a0 flushing  nmethod 0x000001fea814d588
Event: 4.551 Thread 0x000001febc28f9a0 flushing  nmethod 0x000001fea8178088
Event: 4.551 Thread 0x000001febc28f9a0 flushing  nmethod 0x000001fea81cfa08
Event: 4.551 Thread 0x000001febc28f9a0 flushing  nmethod 0x000001fea81fe288

Events (20 events):
Event: 6.012 Thread 0x000001fefe5884c0 Thread added: 0x000001fe8678c950
Event: 6.036 Thread 0x000001fefe5884c0 Thread added: 0x000001fe8678fdd0
Event: 6.036 Thread 0x000001fefe5884c0 Thread added: 0x000001fe86790460
Event: 6.036 Thread 0x000001fefe5884c0 Thread added: 0x000001fe86790af0
Event: 6.037 Thread 0x000001fefe5884c0 Thread added: 0x000001fe8678d670
Event: 6.037 Thread 0x000001fefe5884c0 Thread added: 0x000001fe86791180
Event: 6.037 Thread 0x000001fefe5884c0 Thread added: 0x000001fe86792bc0
Event: 6.037 Thread 0x000001fefe5884c0 Thread added: 0x000001fe86793250
Event: 6.037 Thread 0x000001fefe5884c0 Thread added: 0x000001fe86791810
Event: 6.037 Thread 0x000001fefe5884c0 Thread added: 0x000001fe86791ea0
Event: 6.037 Thread 0x000001fefe5884c0 Thread added: 0x000001fe86792530
Event: 6.051 Thread 0x000001fefe5884c0 Thread added: 0x000001fe8408fd70
Event: 6.052 Thread 0x000001fefe5884c0 Thread added: 0x000001fe84092b60
Event: 6.072 Thread 0x000001fefe5884c0 Thread exited: 0x000001fefe5884c0
Event: 6.076 Thread 0x000001fefe4ac780 Thread exited: 0x000001fefe4ac780
Event: 6.076 Thread 0x000001fe9f8249c0 Thread exited: 0x000001fe9f8249c0
Event: 6.076 Thread 0x000001fe84090400 Thread added: 0x000001fe84090400
Event: 10.406 Thread 0x000001fe8678ea20 Thread exited: 0x000001fe8678ea20
Event: 11.196 Thread 0x000001fe85e0fb50 Thread exited: 0x000001fe85e0fb50
Event: 15.102 Thread 0x000001febc4d62a0 Thread exited: 0x000001febc4d62a0


Dynamic libraries:
0x00007ff7e73e0000 - 0x00007ff7e73ee000 	C:\Users\user\.jdks\openjdk-23.0.2\bin\java.exe
0x00007ff954420000 - 0x00007ff954683000 	C:\WINDOWS\SYSTEM32\ntdll.dll
0x00007ff953930000 - 0x00007ff9539f7000 	C:\WINDOWS\System32\KERNEL32.DLL
0x00007ff951e90000 - 0x00007ff952257000 	C:\WINDOWS\System32\KERNELBASE.dll
0x00007ff951d40000 - 0x00007ff951e8c000 	C:\WINDOWS\System32\ucrtbase.dll
0x00007ff9271f0000 - 0x00007ff92720b000 	C:\Users\user\.jdks\openjdk-23.0.2\bin\VCRUNTIME140.dll
0x00007ff927580000 - 0x00007ff927597000 	C:\Users\user\.jdks\openjdk-23.0.2\bin\jli.dll
0x00007ff952760000 - 0x00007ff952929000 	C:\WINDOWS\System32\USER32.dll
0x00007ff951a40000 - 0x00007ff951a67000 	C:\WINDOWS\System32\win32u.dll
0x00007ff9509a0000 - 0x00007ff950c30000 	C:\WINDOWS\WinSxS\amd64_microsoft.windows.common-controls_6595b64144ccf1df_6.0.26100.3037_none_3e09262ce333c378\COMCTL32.dll
0x00007ff9525d0000 - 0x00007ff9525fa000 	C:\WINDOWS\System32\GDI32.dll
0x00007ff952dc0000 - 0x00007ff952e69000 	C:\WINDOWS\System32\msvcrt.dll
0x00007ff9517c0000 - 0x00007ff9518eb000 	C:\WINDOWS\System32\gdi32full.dll
0x00007ff951bf0000 - 0x00007ff951c93000 	C:\WINDOWS\System32\msvcp_win.dll
0x00007ff9542c0000 - 0x00007ff9542ef000 	C:\WINDOWS\System32\IMM32.DLL
0x00007ff94b580000 - 0x00007ff94b58c000 	C:\Users\user\.jdks\openjdk-23.0.2\bin\vcruntime140_1.dll
0x00007ff923050000 - 0x00007ff9230de000 	C:\Users\user\.jdks\openjdk-23.0.2\bin\msvcp140.dll
0x00007ff8989c0000 - 0x00007ff899710000 	C:\Users\user\.jdks\openjdk-23.0.2\bin\server\jvm.dll
0x00007ff9537c0000 - 0x00007ff953874000 	C:\WINDOWS\System32\ADVAPI32.dll
0x00007ff953880000 - 0x00007ff953926000 	C:\WINDOWS\System32\sechost.dll
0x00007ff9540f0000 - 0x00007ff954206000 	C:\WINDOWS\System32\RPCRT4.dll
0x00007ff953c00000 - 0x00007ff953c74000 	C:\WINDOWS\System32\WS2_32.dll
0x00007ff9487d0000 - 0x00007ff948806000 	C:\WINDOWS\SYSTEM32\WINMM.dll
0x00007ff9416d0000 - 0x00007ff9416db000 	C:\WINDOWS\SYSTEM32\VERSION.dll
0x00007ff951650000 - 0x00007ff95169e000 	C:\WINDOWS\SYSTEM32\POWRPROF.dll
0x00007ff951630000 - 0x00007ff951644000 	C:\WINDOWS\SYSTEM32\UMPDC.dll
0x00007ff94fcc0000 - 0x00007ff94fcda000 	C:\WINDOWS\SYSTEM32\kernel.appcore.dll
0x00007ff926620000 - 0x00007ff92662a000 	C:\Users\user\.jdks\openjdk-23.0.2\bin\jimage.dll
0x00007ff950f80000 - 0x00007ff9511c1000 	C:\WINDOWS\SYSTEM32\DBGHELP.DLL
0x00007ff953d50000 - 0x00007ff9540ce000 	C:\WINDOWS\System32\combase.dll
0x00007ff954300000 - 0x00007ff9543d6000 	C:\WINDOWS\System32\OLEAUT32.dll
0x00007ff9229f0000 - 0x00007ff922a29000 	C:\WINDOWS\SYSTEM32\dbgcore.DLL
0x00007ff951ca0000 - 0x00007ff951d39000 	C:\WINDOWS\System32\bcryptPrimitives.dll
0x00007ff922a30000 - 0x00007ff922a3f000 	C:\Users\user\.jdks\openjdk-23.0.2\bin\instrument.dll
0x00007ff924dc0000 - 0x00007ff924dde000 	C:\Users\user\.jdks\openjdk-23.0.2\bin\java.dll
0x00007ff952ea0000 - 0x00007ff953035000 	C:\WINDOWS\System32\ole32.dll
0x00007ff953040000 - 0x00007ff953744000 	C:\WINDOWS\System32\SHELL32.dll
0x00007ff94e9f0000 - 0x00007ff94f227000 	C:\WINDOWS\SYSTEM32\windows.storage.dll
0x00007ff952600000 - 0x00007ff9526e9000 	C:\WINDOWS\System32\SHCORE.dll
0x00007ff953760000 - 0x00007ff9537bd000 	C:\WINDOWS\System32\shlwapi.dll
0x00007ff9516d0000 - 0x00007ff9516fe000 	C:\WINDOWS\SYSTEM32\profapi.dll
0x00007ff91a160000 - 0x00007ff91a237000 	C:\Users\user\.jdks\openjdk-23.0.2\bin\jsvml.dll
0x00007ff924940000 - 0x00007ff924957000 	C:\Users\user\.jdks\openjdk-23.0.2\bin\zip.dll
0x00007ff924e20000 - 0x00007ff924e30000 	C:\Users\user\.jdks\openjdk-23.0.2\bin\net.dll
0x00007ff950190000 - 0x00007ff9501fa000 	C:\WINDOWS\system32\mswsock.dll
0x00007ff924be0000 - 0x00007ff924bf6000 	C:\Users\user\.jdks\openjdk-23.0.2\bin\nio.dll
0x00007ff933d80000 - 0x00007ff933d9a000 	C:\Program Files\JetBrains\IntelliJ IDEA Community Edition 2024.3.1.1\bin\breakgen64.dll
0x00007ff924bd0000 - 0x00007ff924bd9000 	C:\Users\user\.jdks\openjdk-23.0.2\bin\extnet.dll
0x00007ff94b500000 - 0x00007ff94b50a000 	C:\Users\user\.jdks\openjdk-23.0.2\bin\management.dll
0x00007ff933050000 - 0x00007ff93305b000 	C:\Users\user\.jdks\openjdk-23.0.2\bin\management_ext.dll
0x00007ff9540e0000 - 0x00007ff9540e8000 	C:\WINDOWS\System32\PSAPI.DLL
0x00007ff921c20000 - 0x00007ff921c2e000 	C:\Users\user\.jdks\openjdk-23.0.2\bin\sunmscapi.dll
0x00007ff951a70000 - 0x00007ff951be6000 	C:\WINDOWS\System32\CRYPT32.dll
0x00007ff950860000 - 0x00007ff950890000 	C:\WINDOWS\SYSTEM32\ncrypt.dll
0x00007ff950810000 - 0x00007ff95084f000 	C:\WINDOWS\SYSTEM32\NTASN1.dll
0x00007ff9512f0000 - 0x00007ff95130c000 	C:\WINDOWS\SYSTEM32\CRYPTSP.dll
0x00007ff950430000 - 0x00007ff950468000 	C:\WINDOWS\system32\rsaenh.dll
0x00007ff950200000 - 0x00007ff95022b000 	C:\WINDOWS\SYSTEM32\USERENV.dll
0x00007ff950e80000 - 0x00007ff950ea6000 	C:\WINDOWS\SYSTEM32\bcrypt.dll
0x00007ff950740000 - 0x00007ff95074c000 	C:\WINDOWS\SYSTEM32\CRYPTBASE.dll
0x00007ff94f790000 - 0x00007ff94f7c2000 	C:\WINDOWS\SYSTEM32\IPHLPAPI.DLL
0x00007ff953750000 - 0x00007ff95375a000 	C:\WINDOWS\System32\NSI.dll
0x00007ff922160000 - 0x00007ff922170000 	C:\Users\user\.jdks\openjdk-23.0.2\bin\verify.dll
0x00007ff920df0000 - 0x00007ff920df8000 	C:\WINDOWS\system32\wshunix.dll

dbghelp: loaded successfully - version: 4.0.5 - missing functions: none
symbol engine: initialized successfully - sym options: 0x614 - pdb path: .;C:\Users\user\.jdks\openjdk-23.0.2\bin;C:\WINDOWS\SYSTEM32;C:\WINDOWS\WinSxS\amd64_microsoft.windows.common-controls_6595b64144ccf1df_6.0.26100.3037_none_3e09262ce333c378;C:\Users\user\.jdks\openjdk-23.0.2\bin\server;C:\Program Files\JetBrains\IntelliJ IDEA Community Edition 2024.3.1.1\bin

VM Arguments:
jvm_args: -Dsocket.server.port=33833 -javaagent:C:\Program Files\JetBrains\IntelliJ IDEA Community Edition 2024.3.1.1\lib\idea_rt.jar=61295:C:\Program Files\JetBrains\IntelliJ IDEA Community Edition 2024.3.1.1\bin -Dfile.encoding=UTF-8 -Dsun.stdout.encoding=UTF-8 -Dsun.stderr.encoding=UTF-8 
java_command: com.example.BankEntity_API.BankEntityApiApplication
java_class_path (initial): C:\Users\user\Downloads\BankEntity-API\target\classes;C:\Users\user\.m2\repository\org\springframework\boot\spring-boot-starter-data-jpa\3.5.5\spring-boot-starter-data-jpa-3.5.5.jar;C:\Users\user\.m2\repository\org\springframework\boot\spring-boot-starter\3.5.5\spring-boot-starter-3.5.5.jar;C:\Users\user\.m2\repository\org\springframework\boot\spring-boot-starter-logging\3.5.5\spring-boot-starter-logging-3.5.5.jar;C:\Users\user\.m2\repository\ch\qos\logback\logback-classic\1.5.18\logback-classic-1.5.18.jar;C:\Users\user\.m2\repository\ch\qos\logback\logback-core\1.5.18\logback-core-1.5.18.jar;C:\Users\user\.m2\repository\org\apache\logging\log4j\log4j-to-slf4j\2.24.3\log4j-to-slf4j-2.24.3.jar;C:\Users\user\.m2\repository\org\apache\logging\log4j\log4j-api\2.24.3\log4j-api-2.24.3.jar;C:\Users\user\.m2\repository\org\slf4j\jul-to-slf4j\2.0.17\jul-to-slf4j-2.0.17.jar;C:\Users\user\.m2\repository\jakarta\annotation\jakarta.annotation-api\2.1.1\jakarta.annotation-api-2.1.1.jar;C:\Users\user\.m2\repository\org\yaml\snakeyaml\2.4\snakeyaml-2.4.jar;C:\Users\user\.m2\repository\org\springframework\boot\spring-boot-starter-jdbc\3.5.5\spring-boot-starter-jdbc-3.5.5.jar;C:\Users\user\.m2\repository\com\zaxxer\HikariCP\6.3.2\HikariCP-6.3.2.jar;C:\Users\user\.m2\repository\org\springframework\spring-jdbc\6.2.10\spring-jdbc-6.2.10.jar;C:\Users\user\.m2\repository\org\hibernate\orm\hibernate-core\6.6.26.Final\hibernate-core-6.6.26.Final.jar;C:\Users\user\.m2\repository\jakarta\persistence\jakarta.persistence-api\3.1.0\jakarta.persistence-api-3.1.0.jar;C:\Users\user\.m2\repository\jakarta\transaction\jakarta.transaction-api\2.0.1\jakarta.transaction-api-2.0.1.jar;C:\Users\user\.m2\repository\org\jboss\logging\jboss-logging\3.6.1.Final\jboss-logging-3.6.1.Final.jar;C:\Users\user\.m2\repository\org\hibernate\common\hibernate-commons-annotations\7.0.3.Final\hibernate-commons-annotations-7.0.3.Final.jar;C:\Users\user\.m2\repository\io\smallrye\jandex\3.2.0\jandex-3.2.0.jar;C:\Users\user\.m2\repository\com\fasterxml\classmate\1.7.0\classmate-1.7.0.jar;C:\Users\user\.m2\repository\net\bytebuddy\byte-buddy\1.17.7\byte-buddy-1.17.7.jar;C:\Users\user\.m2\repository\org\glassfish\jaxb\jaxb-runtime\4.0.5\jaxb-runtime-4.0.5.jar;C:\Users\user\.m2\repository\org\glassfish\jaxb\jaxb-core\4.0.5\jaxb-core-4.0.5.jar;C:\Users\user\.m2\repository\org\eclipse\angus\angus-activation\2.0.2\angus-activation-2.0.2.jar;C:\Users\user\.m2\repository\org\glassfish\jaxb\txw2\4.0.5\txw2-4.0.5.jar;C:\Users\user\.m2\repository\com\sun\istack\istack-commons-runtime\4.1.2\istack-commons-runtime-4.1.2.jar;C:\Users\user\.m2\repository\jakarta\inject\jakarta.inject-api\2.0.1\jakarta.inject-api-2.0.1.jar;C:\Users\user\.m2\repository\org\antlr\antlr4-runtime\4.13.0\antlr4-runtime-4.13.0.jar;C:\Users\user\.m2\repository\org\springframework\data\spring-data-jpa\3.5.3\spring-data-jpa-3.5.3.jar;C:\Users\user\.m2\repository\org\springframework\data\spring-data-commons\3.5.3\spring-data-commons-3.5.3.jar;C:\Users\user\.m2\repository\org\springframework\spring-orm\6.2.10\spring-orm-6.2.10.jar;C:\Users\user\.m2\repository\org\springframework\spring-context\6.2.10\spring-context-6.2.10.jar;C:\Users\user\.m2\repository\org\springframework\spring-aop\6.2.10\spring-aop-6.2.10.jar;C:\Users\user\.m2\repository\org\springframework\spring-tx\6.2.10\spring-tx-6.2.10.jar;C:\Users\user\.m2\repository\org\springframework\spring-beans\6.2.10\spring-beans-6.2.10.jar;C:\Users\user\.m2\repository\org\slf4j\slf4j-api\2.0.17\slf4j-api-2.0.17.jar;C:\Users\user\.m2\repository\org\springframework\spring-aspects\6.2.10\spring-aspects-6.2.10.jar;C:\Users\user\.m2\repository\org\aspectj\aspectjweaver\1.9.24\aspectjweaver-1.9.24.jar;C:\Users\user\.m2\repository\org\springframework\boot\spring-boot-starter-web\3.5.5\spring-boot-starter-web-3.5.5.jar;C:\Users\user\.m2\repository\org\springframework\boot\spring-boot-starter-json\3.5.5\spring-boot-starter-json-3.5.5.jar;C:\Users\user\.m2\repository\com\fasterxml\jackson\core\jackson-databind\2.19.2\jackson-databind-2.19.2.jar;C:\Users\user\.m2\repository\com\fasterxml\jackson\core\jackson-annotations\2.19.2\jackson-annotations-2.19.2.jar;C:\Users\user\.m2\repository\com\fasterxml\jackson\core\jackson-core\2.19.2\jackson-core-2.19.2.jar;C:\Users\user\.m2\repository\com\fasterxml\jackson\datatype\jackson-datatype-jdk8\2.19.2\jackson-datatype-jdk8-2.19.2.jar;C:\Users\user\.m2\repository\com\fasterxml\jackson\datatype\jackson-datatype-jsr310\2.19.2\jackson-datatype-jsr310-2.19.2.jar;C:\Users\user\.m2\repository\com\fasterxml\jackson\module\jackson-module-parameter-names\2.19.2\jackson-module-parameter-names-2.19.2.jar;C:\Users\user\.m2\repository\org\springframework\boot\spring-boot-starter-tomcat\3.5.5\spring-boot-starter-tomcat-3.5.5.jar;C:\Users\user\.m2\repository\org\apache\tomcat\embed\tomcat-embed-core\10.1.44\tomcat-embed-core-10.1.44.jar;C:\Users\user\.m2\repository\org\apache\tomcat\embed\tomcat-embed-el\10.1.44\tomcat-embed-el-10.1.44.jar;C:\Users\user\.m2\repository\org\apache\tomcat\embed\tomcat-embed-websocket\10.1.44\tomcat-embed-websocket-10.1.44.jar;C:\Users\user\.m2\repository\org\springframework\spring-web\6.2.10\spring-web-6.2.10.jar;C:\Users\user\.m2\repository\io\micrometer\micrometer-observation\1.15.3\micrometer-observation-1.15.3.jar;C:\Users\user\.m2\repository\io\micrometer\micrometer-commons\1.15.3\micrometer-commons-1.15.3.jar;C:\Users\user\.m2\repository\org\springframework\spring-webmvc\6.2.10\spring-webmvc-6.2.10.jar;C:\Users\user\.m2\repository\org\springframework\spring-expression\6.2.10\spring-expression-6.2.10.jar;C:\Users\user\.m2\repository\org\springframework\boot\spring-boot-devtools\3.5.5\spring-boot-devtools-3.5.5.jar;C:\Users\user\.m2\repository\org\springframework\boot\spring-boot\3.5.5\spring-boot-3.5.5.jar;C:\Users\user\.m2\repository\org\springframework\boot\spring-boot-autoconfigure\3.5.5\spring-boot-autoconfigure-3.5.5.jar;C:\Users\user\.m2\repository\com\h2database\h2\2.3.232\h2-2.3.232.jar;C:\Users\user\.m2\repository\jakarta\xml\bind\jakarta.xml.bind-api\4.0.2\jakarta.xml.bind-api-4.0.2.jar;C:\Users\user\.m2\repository\jakarta\activation\jakarta.activation-api\2.1.3\jakarta.activation-api-2.1.3.jar;C:\Users\user\.m2\repository\org\springframework\spring-core\6.2.10\spring-core-6.2.10.jar;C:\Users\user\.m2\repository\org\springframework\spring-jcl\6.2.10\spring-jcl-6.2.10.jar;C:\Users\user\.restfulApiTool\lib\spring-socket-plugin-starter-1.0.0.jar
Launcher Type: SUN_STANDARD

[Global flags]
     intx CICompilerCount                          = 4                                         {product} {ergonomic}
     uint ConcGCThreads                            = 2                                         {product} {ergonomic}
     uint G1ConcRefinementThreads                  = 8                                         {product} {ergonomic}
   size_t G1HeapRegionSize                         = 1048576                                   {product} {ergonomic}
   size_t InitialHeapSize                          = 130023424                                 {product} {ergonomic}
   size_t MarkStackSize                            = 4194304                                   {product} {ergonomic}
   size_t MarkStackSizeMax                         = 536870912                                 {product} {ergonomic}
   size_t MaxHeapSize                              = 2076180480                                {product} {ergonomic}
   size_t MaxNewSize                               = 1245708288                                {product} {ergonomic}
   size_t MinHeapDeltaBytes                        = 1048576                                   {product} {ergonomic}
   size_t MinHeapSize                              = 8388608                                   {product} {ergonomic}
    uintx NonNMethodCodeHeapSize                   = 5832704                                {pd product} {ergonomic}
    uintx NonProfiledCodeHeapSize                  = 122945536                              {pd product} {ergonomic}
    uintx ProfiledCodeHeapSize                     = 122880000                              {pd product} {ergonomic}
    uintx ReservedCodeCacheSize                    = 251658240                              {pd product} {ergonomic}
     bool SegmentedCodeCache                       = true                                      {product} {ergonomic}
   size_t SoftMaxHeapSize                          = 2076180480                             {manageable} {ergonomic}
     bool UseCompressedOops                        = true                           {product lp64_product} {ergonomic}
     bool UseG1GC                                  = true                                      {product} {ergonomic}
     bool UseLargePagesIndividualAllocation        = false                                  {pd product} {ergonomic}

Logging:
Log output configuration:
 #0: stdout all=warning uptime,level,tags foldmultilines=false
 #1: stderr all=off uptime,level,tags foldmultilines=false

Environment Variables:
JAVA_HOME=C:\Program Files\Java\jdk-23
PATH=C:\Program Files\Common Files\Oracle\Java\javapath;C:\WINDOWS\system32;C:\WINDOWS;C:\WINDOWS\System32\Wbem;C:\WINDOWS\System32\WindowsPowerShell\v1.0\;C:\WINDOWS\System32\OpenSSH\;C:\Program Files\Git\cmd;C:\Users\user\AppData\Roaming\npm;C:\ProgramData\chocolatey\bin;C:\ProgramData\chocolatey\lib\maven\apache-maven-3.9.9\bin;C:\Program Files\Java\jdk-23\bin;C:\ProgramData\chocolatey\lib\maven\apache-maven-3.9.9\bin;C:\Users\user\AppData\Local\nvm;C:\nvm4w\nodejs;C:\Users\user\AppData\Local\Programs\Python\Python313\Scripts\;C:\Users\user\AppData\Local\Programs\Python\Python313\;C:\Users\user\AppData\Local\Programs\Python\Launcher\;C:\Users\user\AppData\Local\Microsoft\WindowsApps;C:\Users\user\AppData\Local\Box\Box Edit\;C:\Users\user\AppData\Local\Programs\Microsoft VS Code\bin;C:\Users\user\AppData\Local\GitHubDesktop\bin;C:\Users\user\AppData\Local\nvm;C:\nvm4w\nodejs;C:\Users\user\AppData\Local\Microsoft\WinGet\Packages\Schniz.fnm_Microsoft.Winget.Source_8wekyb3d8bbwe;
USERNAME=user
OS=Windows_NT
PROCESSOR_IDENTIFIER=Intel64 Family 6 Model 140 Stepping 1, GenuineIntel
TMP=C:\Users\user\AppData\Local\Temp
TEMP=C:\Users\user\AppData\Local\Temp




Periodic native trim disabled

---------------  S Y S T E M  ---------------

OS:
 Windows 11 , 64 bit Build 26100 (10.0.26100.3037)
OS uptime: 0 days 16:51 hours

CPU: total 8 (initial active 8) (4 cores per cpu, 2 threads per core) family 6 model 140 stepping 1 microcode 0xb8, cx8, cmov, fxsr, ht, mmx, 3dnowpref, sse, sse2, sse3, ssse3, sse4.1, sse4.2, popcnt, lzcnt, tsc, tscinvbit, avx, avx2, aes, erms, clmul, bmi1, bmi2, adx, avx512f, avx512dq, avx512cd, avx512bw, avx512vl, sha, fma, vzeroupper, avx512_vpopcntdq, avx512_vpclmulqdq, avx512_vaes, avx512_vnni, clflush, clflushopt, clwb, avx512_vbmi2, avx512_vbmi, rdtscp, rdpid, fsrm, gfni, avx512_bitalg, f16c, pku, cet_ibt, cet_ss, avx512_ifma
Processor Information for the first 8 processors :
  Max Mhz: 1382, Current Mhz: 1382, Mhz Limit: 1382

Memory: 4k page, system-wide physical 7914M (513M free)
TotalPageFile size 25508M (AvailPageFile size 1214M)
current process WorkingSet (physical memory assigned to process): 10M, peak: 239M
current process commit charge ("private bytes"): 233M, peak: 287M

vm_info: OpenJDK 64-Bit Server VM (23.0.2+7-58) for windows-amd64 JRE (23.0.2+7-58), built on 2024-11-29T09:34:55Z with MS VC++ 17.6 (VS2022)

END.
